{"/Users/ardo/Documents/workspace/jkusuma-next/src/common/components/PersonalIcons/IconBase.tsx": {"path":"/Users/ardo/Documents/workspace/jkusuma-next/src/common/components/PersonalIcons/IconBase.tsx","statementMap":{"0":{"start":{"line":1,"column":0},"end":{"line":1,"column":26}},"1":{"start":{"line":3,"column":0},"end":{"line":3,"column":53}},"2":{"start":{"line":7,"column":19},"end":{"line":15,"column":2}},"3":{"start":{"line":8,"column":2},"end":{"line":14,"column":4}},"4":{"start":{"line":23,"column":17},"end":{"line":30,"column":1}},"5":{"start":{"line":24,"column":63},"end":{"line":24,"column":68}},"6":{"start":{"line":24,"column":58},"end":{"line":24,"column":63}},"7":{"start":{"line":25,"column":2},"end":{"line":29,"column":4}},"8":{"start":{"line":32,"column":9},"end":{"line":32,"column":17}}},"fnMap":{"0":{"name":"noop","decl":{"start":{"line":5,"column":9},"end":{"line":5,"column":13}},"loc":{"start":{"line":5,"column":13},"end":{"line":5,"column":18}}},"1":{"name":"(anonymous_3)","decl":{"start":{"line":7,"column":31},"end":{"line":7,"column":32}},"loc":{"start":{"line":7,"column":62},"end":{"line":15,"column":1}}},"2":{"name":"(anonymous_4)","decl":{"start":{"line":23,"column":17},"end":{"line":23,"column":18}},"loc":{"start":{"line":23,"column":35},"end":{"line":30,"column":1}}}},"branchMap":{"0":{"loc":{"start":{"line":24,"column":10},"end":{"line":24,"column":19}},"type":"default-arg","locations":[{"start":{"line":24,"column":17},"end":{"line":24,"column":19}}]},"1":{"loc":{"start":{"line":24,"column":21},"end":{"line":24,"column":39}},"type":"default-arg","locations":[{"start":{"line":24,"column":35},"end":{"line":24,"column":39}}]}},"s":{"0":1,"1":1,"2":1,"3":1,"4":1,"5":1,"6":1,"7":1,"8":1},"f":{"0":0,"1":1,"2":1},"b":{"0":[0],"1":[0]}}
,"/Users/ardo/Documents/workspace/jkusuma-next/src/common/components/PersonalIcons/IconGitHub.tsx": {"path":"/Users/ardo/Documents/workspace/jkusuma-next/src/common/components/PersonalIcons/IconGitHub.tsx","statementMap":{"0":{"start":{"line":1,"column":0},"end":{"line":1,"column":26}},"1":{"start":{"line":3,"column":0},"end":{"line":3,"column":38}},"2":{"start":{"line":4,"column":0},"end":{"line":4,"column":41}},"3":{"start":{"line":5,"column":0},"end":{"line":5,"column":47}},"4":{"start":{"line":7,"column":22},"end":{"line":13,"column":2}},"5":{"start":{"line":15,"column":19},"end":{"line":28,"column":1}},"6":{"start":{"line":16,"column":2},"end":{"line":27,"column":4}},"7":{"start":{"line":20,"column":27},"end":{"line":20,"column":48}},"8":{"start":{"line":30,"column":9},"end":{"line":30,"column":19}}},"fnMap":{"0":{"name":"(anonymous_1)","decl":{"start":{"line":15,"column":19},"end":{"line":15,"column":22}},"loc":{"start":{"line":15,"column":24},"end":{"line":28,"column":1}}},"1":{"name":"(anonymous_2)","decl":{"start":{"line":20,"column":21},"end":{"line":20,"column":24}},"loc":{"start":{"line":20,"column":27},"end":{"line":20,"column":48}}}},"branchMap":{},"s":{"0":1,"1":1,"2":1,"3":1,"4":1,"5":1,"6":1,"7":0,"8":1},"f":{"0":1,"1":0},"b":{}}
,"/Users/ardo/Documents/workspace/jkusuma-next/src/common/utils/env.ts": {"path":"/Users/ardo/Documents/workspace/jkusuma-next/src/common/utils/env.ts","statementMap":{"0":{"start":{"line":1,"column":0},"end":{"line":1,"column":35}},"1":{"start":{"line":4,"column":2},"end":{"line":4,"column":52}},"2":{"start":{"line":3,"column":0},"end":{"line":3,"column":16}}},"fnMap":{"0":{"name":"isDev","decl":{"start":{"line":3,"column":16},"end":{"line":3,"column":21}},"loc":{"start":{"line":3,"column":21},"end":{"line":5,"column":1}}}},"branchMap":{"0":{"loc":{"start":{"line":4,"column":9},"end":{"line":4,"column":35}},"type":"cond-expr","locations":[{"start":{"line":4,"column":25},"end":{"line":4,"column":27}},{"start":{"line":4,"column":25},"end":{"line":4,"column":35}}]},"1":{"loc":{"start":{"line":4,"column":9},"end":{"line":4,"column":27}},"type":"binary-expr","locations":[{"start":{"line":4,"column":9},"end":{"line":4,"column":27}},{"start":{"line":4,"column":25},"end":{"line":4,"column":27}}]},"2":{"loc":{"start":{"line":4,"column":9},"end":{"line":4,"column":25}},"type":"cond-expr","locations":[{"start":{"line":4,"column":15},"end":{"line":4,"column":17}},{"start":{"line":4,"column":9},"end":{"line":4,"column":25}}]},"3":{"loc":{"start":{"line":4,"column":9},"end":{"line":4,"column":17}},"type":"binary-expr","locations":[{"start":{"line":4,"column":9},"end":{"line":4,"column":17}},{"start":{"line":4,"column":9},"end":{"line":4,"column":17}}]}},"s":{"0":2,"1":2,"2":2},"f":{"0":2},"b":{"0":[0,2],"1":[2,2],"2":[0,2],"3":[2,2]}}
,"/Users/ardo/Documents/workspace/jkusuma-next/src/common/utils/ga.ts": {"path":"/Users/ardo/Documents/workspace/jkusuma-next/src/common/utils/ga.ts","statementMap":{"0":{"start":{"line":1,"column":0},"end":{"line":1,"column":35}},"1":{"start":{"line":3,"column":0},"end":{"line":3,"column":30}},"2":{"start":{"line":13,"column":4},"end":{"line":15,"column":null}},"3":{"start":{"line":14,"column":6},"end":{"line":14,"column":13}},"4":{"start":{"line":16,"column":37},"end":{"line":16,"column":46}},"5":{"start":{"line":16,"column":32},"end":{"line":16,"column":37}},"6":{"start":{"line":17,"column":4},"end":{"line":19,"column":7}},"7":{"start":{"line":24,"column":4},"end":{"line":27,"column":7}},"8":{"start":{"line":32,"column":4},"end":{"line":35,"column":7}},"9":{"start":{"line":39,"column":4},"end":{"line":42,"column":7}},"10":{"start":{"line":46,"column":4},"end":{"line":49,"column":7}},"11":{"start":{"line":53,"column":16},"end":{"line":53,"column":24}},"12":{"start":{"line":55,"column":9},"end":{"line":55,"column":16}}},"fnMap":{"0":{"name":"(anonymous_2)","decl":{"start":{"line":6,"column":2},"end":{"line":6,"column":17}},"loc":{"start":{"line":6,"column":2},"end":{"line":6,"column":18}}},"1":{"name":"(anonymous_3)","decl":{"start":{"line":8,"column":2},"end":{"line":8,"column":6}},"loc":{"start":{"line":12,"column":3},"end":{"line":20,"column":3}}},"2":{"name":"(anonymous_4)","decl":{"start":{"line":22,"column":2},"end":{"line":22,"column":22}},"loc":{"start":{"line":22,"column":22},"end":{"line":28,"column":3}}},"3":{"name":"(anonymous_5)","decl":{"start":{"line":30,"column":2},"end":{"line":30,"column":17}},"loc":{"start":{"line":30,"column":17},"end":{"line":36,"column":3}}},"4":{"name":"(anonymous_6)","decl":{"start":{"line":38,"column":2},"end":{"line":38,"column":15}},"loc":{"start":{"line":38,"column":15},"end":{"line":43,"column":3}}},"5":{"name":"(anonymous_7)","decl":{"start":{"line":45,"column":2},"end":{"line":45,"column":13}},"loc":{"start":{"line":45,"column":13},"end":{"line":50,"column":3}}}},"branchMap":{"0":{"loc":{"start":{"line":13,"column":4},"end":{"line":15,"column":null}},"type":"if","locations":[{"start":{"line":13,"column":4},"end":{"line":15,"column":null}}]},"1":{"loc":{"start":{"line":13,"column":8},"end":{"line":13,"column":31}},"type":"binary-expr","locations":[{"start":{"line":13,"column":8},"end":{"line":13,"column":20}},{"start":{"line":13,"column":24},"end":{"line":13,"column":31}}]}},"s":{"0":1,"1":1,"2":0,"3":0,"4":0,"5":0,"6":0,"7":0,"8":0,"9":0,"10":0,"11":1,"12":1},"f":{"0":1,"1":0,"2":0,"3":0,"4":0,"5":0},"b":{"0":[0],"1":[0,0]}}
,"/Users/ardo/Documents/workspace/jkusuma-next/src/common/utils/styletron/ThemeProvider.tsx": {"path":"/Users/ardo/Documents/workspace/jkusuma-next/src/common/utils/styletron/ThemeProvider.tsx","statementMap":{"0":{"start":{"line":1,"column":0},"end":{"line":1,"column":42}},"1":{"start":{"line":4,"column":22},"end":{"line":11,"column":2}},"2":{"start":{"line":13,"column":21},"end":{"line":13,"column":55}},"3":{"start":{"line":22,"column":24},"end":{"line":22,"column":36}},"4":{"start":{"line":15,"column":22},"end":{"line":18,"column":1}},"5":{"start":{"line":16,"column":46},"end":{"line":16,"column":51}},"6":{"start":{"line":17,"column":2},"end":{"line":17,"column":81}},"7":{"start":{"line":22,"column":9},"end":{"line":22,"column":22}},"8":{"start":{"line":20,"column":17},"end":{"line":20,"column":47}},"9":{"start":{"line":20,"column":23},"end":{"line":20,"column":47}},"10":{"start":{"line":22,"column":38},"end":{"line":22,"column":46}}},"fnMap":{"0":{"name":"(anonymous_6)","decl":{"start":{"line":15,"column":22},"end":{"line":15,"column":23}},"loc":{"start":{"line":15,"column":79},"end":{"line":18,"column":1}}},"1":{"name":"(anonymous_7)","decl":{"start":{"line":20,"column":17},"end":{"line":20,"column":20}},"loc":{"start":{"line":20,"column":23},"end":{"line":20,"column":47}}}},"branchMap":{"0":{"loc":{"start":{"line":16,"column":10},"end":{"line":16,"column":31}},"type":"default-arg","locations":[{"start":{"line":16,"column":18},"end":{"line":16,"column":31}}]}},"s":{"0":1,"1":1,"2":1,"3":1,"4":1,"5":1,"6":1,"7":1,"8":1,"9":0,"10":1},"f":{"0":1,"1":0},"b":{"0":[1]}}
,"/Users/ardo/Documents/workspace/jkusuma-next/src/common/utils/styletron/index.ts": {"path":"/Users/ardo/Documents/workspace/jkusuma-next/src/common/utils/styletron/index.ts","statementMap":{"0":{"start":{"line":1,"column":0},"end":{"line":1,"column":9}},"1":{"start":{"line":1,"column":9},"end":{"line":1,"column":20}},"2":{"start":{"line":1,"column":20},"end":{"line":1,"column":34}},"3":{"start":{"line":1,"column":34},"end":{"line":1,"column":62}},"4":{"start":{"line":2,"column":0},"end":{"line":2,"column":9}},"5":{"start":{"line":2,"column":9},"end":{"line":2,"column":48}},"6":{"start":{"line":3,"column":0},"end":{"line":3,"column":24}}},"fnMap":{"0":{"name":"(anonymous_4)","decl":{"start":{"line":1,"column":9},"end":{"line":1,"column":18}},"loc":{"start":{"line":1,"column":9},"end":{"line":1,"column":20}}},"1":{"name":"(anonymous_5)","decl":{"start":{"line":1,"column":20},"end":{"line":1,"column":32}},"loc":{"start":{"line":1,"column":20},"end":{"line":1,"column":34}}},"2":{"name":"(anonymous_6)","decl":{"start":{"line":1,"column":34},"end":{"line":1,"column":40}},"loc":{"start":{"line":1,"column":34},"end":{"line":1,"column":62}}},"3":{"name":"(anonymous_7)","decl":{"start":{"line":2,"column":9},"end":{"line":2,"column":22}},"loc":{"start":{"line":2,"column":9},"end":{"line":2,"column":48}}}},"branchMap":{},"s":{"0":1,"1":1,"2":1,"3":3,"4":1,"5":2,"6":1},"f":{"0":0,"1":0,"2":2,"3":1},"b":{}}
,"/Users/ardo/Documents/workspace/jkusuma-next/src/common/utils/styletron/styletron.tsx": {"path":"/Users/ardo/Documents/workspace/jkusuma-next/src/common/utils/styletron/styletron.tsx","statementMap":{"0":{"start":{"line":1,"column":0},"end":{"line":1,"column":26}},"1":{"start":{"line":2,"column":0},"end":{"line":2,"column":56}},"2":{"start":{"line":3,"column":0},"end":{"line":3,"column":null}},"3":{"start":{"line":7,"column":0},"end":{"line":7,"column":61}},"4":{"start":{"line":9,"column":0},"end":{"line":9,"column":55}},"5":{"start":{"line":14,"column":24},"end":{"line":15,"column":56}},"6":{"start":{"line":15,"column":2},"end":{"line":15,"column":56}},"7":{"start":{"line":17,"column":13},"end":{"line":23,"column":null}},"8":{"start":{"line":25,"column":28},"end":{"line":29,"column":1}},"9":{"start":{"line":26,"column":16},"end":{"line":26,"column":26}},"10":{"start":{"line":27,"column":16},"end":{"line":27,"column":39}},"11":{"start":{"line":28,"column":2},"end":{"line":28,"column":22}},"12":{"start":{"line":25,"column":13},"end":{"line":25,"column":28}},"13":{"start":{"line":31,"column":16},"end":{"line":40,"column":1}},"14":{"start":{"line":33,"column":2},"end":{"line":39,"column":5}},"15":{"start":{"line":34,"column":4},"end":{"line":37,"column":null}},"16":{"start":{"line":36,"column":8},"end":{"line":36,"column":null}},"17":{"start":{"line":42,"column":13},"end":{"line":46,"column":3}}},"fnMap":{"0":{"name":"(anonymous_1)","decl":{"start":{"line":14,"column":24},"end":{"line":14,"column":27}},"loc":{"start":{"line":15,"column":2},"end":{"line":15,"column":56}}},"1":{"name":"(anonymous_2)","decl":{"start":{"line":25,"column":28},"end":{"line":25,"column":49}},"loc":{"start":{"line":25,"column":51},"end":{"line":29,"column":1}}},"2":{"name":"(anonymous_3)","decl":{"start":{"line":31,"column":16},"end":{"line":31,"column":17}},"loc":{"start":{"line":31,"column":41},"end":{"line":40,"column":1}}},"3":{"name":"(anonymous_4)","decl":{"start":{"line":33,"column":26},"end":{"line":33,"column":27}},"loc":{"start":{"line":34,"column":4},"end":{"line":37,"column":null}}},"4":{"name":"(anonymous_5)","decl":{"start":{"line":35,"column":7},"end":{"line":35,"column":8}},"loc":{"start":{"line":35,"column":17},"end":{"line":37,"column":7}}}},"branchMap":{"0":{"loc":{"start":{"line":18,"column":2},"end":{"line":23,"column":6}},"type":"cond-expr","locations":[{"start":{"line":19,"column":6},"end":{"line":19,"column":18}},{"start":{"line":20,"column":6},"end":{"line":23,"column":6}}]}},"s":{"0":1,"1":1,"2":1,"3":1,"4":1,"5":1,"6":1,"7":1,"8":1,"9":0,"10":0,"11":0,"12":1,"13":1,"14":2,"15":2,"16":2,"17":1},"f":{"0":1,"1":0,"2":2,"3":2,"4":2},"b":{"0":[0,1]}}
,"/Users/ardo/Documents/workspace/jkusuma-next/src/test-utils/rtl.tsx": {"path":"/Users/ardo/Documents/workspace/jkusuma-next/src/test-utils/rtl.tsx","statementMap":{"0":{"start":{"line":1,"column":0},"end":{"line":1,"column":26}},"1":{"start":{"line":2,"column":0},"end":{"line":2,"column":61}},"2":{"start":{"line":3,"column":0},"end":{"line":3,"column":64}},"3":{"start":{"line":4,"column":0},"end":{"line":4,"column":62}},"4":{"start":{"line":6,"column":0},"end":{"line":6,"column":57}},"5":{"start":{"line":8,"column":15},"end":{"line":8,"column":30}},"6":{"start":{"line":10,"column":25},"end":{"line":13,"column":null}},"7":{"start":{"line":11,"column":2},"end":{"line":12,"column":null}},"8":{"start":{"line":19,"column":4},"end":{"line":19,"column":59}},"9":{"start":{"line":21,"column":2},"end":{"line":21,"column":57}},"10":{"start":{"line":29,"column":9},"end":{"line":29,"column":15}},"11":{"start":{"line":26,"column":0},"end":{"line":26,"column":39}}},"fnMap":{"0":{"name":"(anonymous_5)","decl":{"start":{"line":10,"column":25},"end":{"line":10,"column":26}},"loc":{"start":{"line":11,"column":2},"end":{"line":12,"column":null}}},"1":{"name":"render","decl":{"start":{"line":17,"column":9},"end":{"line":17,"column":15}},"loc":{"start":{"line":17,"column":38},"end":{"line":22,"column":1}}},"2":{"name":"Wrapper","decl":{"start":{"line":18,"column":11},"end":{"line":18,"column":18}},"loc":{"start":{"line":18,"column":62},"end":{"line":20,"column":3}}}},"branchMap":{},"s":{"0":1,"1":1,"2":1,"3":1,"4":1,"5":1,"6":1,"7":1,"8":1,"9":1,"10":1,"11":1},"f":{"0":1,"1":1,"2":1},"b":{}}
}
