TN:
SF:src/common/components/PersonalIcons/IconBase.tsx
FN:5,noop
FN:7,(anonymous_3)
FN:23,(anonymous_4)
FNF:3
FNH:2
FNDA:0,noop
FNDA:1,(anonymous_3)
FNDA:1,(anonymous_4)
DA:1,1
DA:3,1
DA:7,1
DA:8,1
DA:23,1
DA:24,1
DA:25,1
DA:32,1
LF:8
LH:8
BRDA:24,0,0,0
BRDA:24,1,0,0
BRF:2
BRH:0
end_of_record
TN:
SF:src/common/components/PersonalIcons/IconGitHub.tsx
FN:15,(anonymous_1)
FN:20,(anonymous_2)
FNF:2
FNH:1
FNDA:1,(anonymous_1)
FNDA:0,(anonymous_2)
DA:1,1
DA:3,1
DA:4,1
DA:5,1
DA:7,1
DA:15,1
DA:16,1
DA:20,0
DA:30,1
LF:9
LH:8
BRF:0
BRH:0
end_of_record
TN:
SF:src/common/utils/env.ts
FN:3,isDev
FNF:1
FNH:1
FNDA:2,isDev
DA:1,2
DA:3,2
DA:4,2
LF:3
LH:3
BRDA:4,0,0,0
BRDA:4,0,1,2
BRDA:4,1,0,2
BRDA:4,1,1,2
BRDA:4,2,0,0
BRDA:4,2,1,2
BRDA:4,3,0,2
BRDA:4,3,1,2
BRF:8
BRH:6
end_of_record
TN:
SF:src/common/utils/ga.ts
FN:6,(anonymous_2)
FN:8,(anonymous_3)
FN:22,(anonymous_4)
FN:30,(anonymous_5)
FN:38,(anonymous_6)
FN:45,(anonymous_7)
FNF:6
FNH:1
FNDA:1,(anonymous_2)
FNDA:0,(anonymous_3)
FNDA:0,(anonymous_4)
FNDA:0,(anonymous_5)
FNDA:0,(anonymous_6)
FNDA:0,(anonymous_7)
DA:1,1
DA:3,1
DA:13,0
DA:14,0
DA:16,0
DA:17,0
DA:24,0
DA:32,0
DA:39,0
DA:46,0
DA:53,1
DA:55,1
LF:12
LH:4
BRDA:13,0,0,0
BRDA:13,1,0,0
BRDA:13,1,1,0
BRF:3
BRH:0
end_of_record
TN:
SF:src/common/utils/styletron/ThemeProvider.tsx
FN:15,(anonymous_6)
FN:20,(anonymous_7)
FNF:2
FNH:1
FNDA:1,(anonymous_6)
FNDA:0,(anonymous_7)
DA:1,1
DA:4,1
DA:13,1
DA:15,1
DA:16,1
DA:17,1
DA:20,1
DA:22,1
LF:8
LH:8
BRDA:16,0,0,1
BRF:1
BRH:1
end_of_record
TN:
SF:src/common/utils/styletron/index.ts
FN:1,(anonymous_4)
FN:1,(anonymous_5)
FN:1,(anonymous_6)
FN:2,(anonymous_7)
FNF:4
FNH:2
FNDA:0,(anonymous_4)
FNDA:0,(anonymous_5)
FNDA:2,(anonymous_6)
FNDA:1,(anonymous_7)
DA:1,3
DA:2,2
DA:3,1
LF:3
LH:3
BRF:0
BRH:0
end_of_record
TN:
SF:src/common/utils/styletron/styletron.tsx
FN:14,(anonymous_1)
FN:25,(anonymous_2)
FN:31,(anonymous_3)
FN:33,(anonymous_4)
FN:35,(anonymous_5)
FNF:5
FNH:4
FNDA:1,(anonymous_1)
FNDA:0,(anonymous_2)
FNDA:2,(anonymous_3)
FNDA:2,(anonymous_4)
FNDA:2,(anonymous_5)
DA:1,1
DA:2,1
DA:3,1
DA:7,1
DA:9,1
DA:14,1
DA:15,1
DA:17,1
DA:25,1
DA:26,0
DA:27,0
DA:28,0
DA:31,1
DA:33,2
DA:34,2
DA:36,2
DA:42,1
LF:17
LH:14
BRDA:18,0,0,0
BRDA:18,0,1,1
BRF:2
BRH:1
end_of_record
TN:
SF:src/test-utils/rtl.tsx
FN:10,(anonymous_5)
FN:17,render
FN:18,Wrapper
FNF:3
FNH:3
FNDA:1,(anonymous_5)
FNDA:1,render
FNDA:1,Wrapper
DA:1,1
DA:2,1
DA:3,1
DA:4,1
DA:6,1
DA:8,1
DA:10,1
DA:11,1
DA:19,1
DA:21,1
DA:26,1
DA:29,1
LF:12
LH:12
BRF:0
BRH:0
end_of_record
