<?xml version="1.0" encoding="UTF-8"?>
<coverage generated="1485660059565" clover="3.2.0">
  <project timestamp="1485660059565" name="All files">
    <metrics statements="34" coveredstatements="27" conditionals="22" coveredconditionals="14" methods="14" coveredmethods="9" elements="70" coveredelements="50" complexity="0" loc="34" ncloc="34" packages="4" files="6" classes="6">
      <package name="shared.components.icon">
        <metrics statements="4" coveredstatements="4" conditionals="1" coveredconditionals="1" methods="2" coveredmethods="1"/>
        <file name="icon-base.js" path="/Users/ardokusuma/Documents/workspace/jkusuma-com/src/shared/components/icon/icon-base.js">
          <metrics statements="4" coveredstatements="4" conditionals="1" coveredconditionals="1" methods="2" coveredmethods="1"/>
          <line num="7" count="1" type="stmt"/>
          <line num="8" count="2" type="stmt"/>
          <line num="9" count="2" type="stmt"/>
          <line num="18" count="1" type="stmt"/>
        </file>
      </package>
      <package name="shared.components.name">
        <metrics statements="15" coveredstatements="15" conditionals="11" coveredconditionals="10" methods="5" coveredmethods="5"/>
        <file name="name-letter.js" path="/Users/ardokusuma/Documents/workspace/jkusuma-com/src/shared/components/name/name-letter.js">
          <metrics statements="15" coveredstatements="15" conditionals="11" coveredconditionals="10" methods="5" coveredmethods="5"/>
          <line num="9" count="2" type="stmt"/>
          <line num="10" count="2" type="stmt"/>
          <line num="17" count="2" type="stmt"/>
          <line num="18" count="2" type="stmt"/>
          <line num="36" count="5" type="stmt"/>
          <line num="37" count="5" type="stmt"/>
          <line num="43" count="5" type="stmt"/>
          <line num="51" count="4" type="stmt"/>
          <line num="52" count="1" type="stmt"/>
          <line num="53" count="1" type="stmt"/>
          <line num="56" count="1" type="stmt"/>
          <line num="57" count="1" type="stmt"/>
          <line num="62" count="5" type="stmt"/>
          <line num="70" count="1" type="stmt"/>
          <line num="78" count="1" type="stmt"/>
        </file>
      </package>
      <package name="shared.helpers">
        <metrics statements="15" coveredstatements="8" conditionals="10" coveredconditionals="3" methods="7" coveredmethods="3"/>
        <file name="browser.js" path="/Users/ardokusuma/Documents/workspace/jkusuma-com/src/shared/helpers/browser.js">
          <metrics statements="3" coveredstatements="0" conditionals="3" coveredconditionals="0" methods="1" coveredmethods="0"/>
          <line num="3" count="0" type="stmt"/>
          <line num="4" count="0" type="stmt"/>
          <line num="6" count="0" type="stmt"/>
        </file>
        <file name="ga.js" path="/Users/ardokusuma/Documents/workspace/jkusuma-com/src/shared/helpers/ga.js">
          <metrics statements="7" coveredstatements="3" conditionals="5" coveredconditionals="2" methods="5" coveredmethods="2"/>
          <line num="6" count="1" type="stmt"/>
          <line num="7" count="1" type="stmt"/>
          <line num="9" count="0" type="stmt"/>
          <line num="16" count="0" type="stmt"/>
          <line num="23" count="1" type="stmt"/>
          <line num="30" count="0" type="stmt"/>
          <line num="37" count="0" type="stmt"/>
        </file>
        <file name="styles.js" path="/Users/ardokusuma/Documents/workspace/jkusuma-com/src/shared/helpers/styles.js">
          <metrics statements="5" coveredstatements="5" conditionals="2" coveredconditionals="1" methods="1" coveredmethods="1"/>
          <line num="5" count="2" type="stmt"/>
          <line num="6" count="2" type="stmt"/>
          <line num="7" count="2" type="stmt"/>
          <line num="11" count="2" type="stmt"/>
          <line num="27" count="2" type="stmt"/>
        </file>
      </package>
      <package name="test.node">
        <metrics statements="0" coveredstatements="0" conditionals="0" coveredconditionals="0" methods="0" coveredmethods="0"/>
        <file name="setup.js" path="/Users/ardokusuma/Documents/workspace/jkusuma-com/src/test/node/setup.js">
          <metrics statements="0" coveredstatements="0" conditionals="0" coveredconditionals="0" methods="0" coveredmethods="0"/>
        </file>
      </package>
    </metrics>
  </project>
</coverage>
