{"/Users/ardokusuma/Documents/workspace/jkusuma-com/src/shared/components/icon/icon-base.js": {"path":"/Users/ardokusuma/Documents/workspace/jkusuma-com/src/shared/components/icon/icon-base.js","statementMap":{"0":{"start":{"line":5,"column":17},"end":{"line":11,"column":1}},"1":{"start":{"line":6,"column":2},"end":{"line":10,"column":8}},"2":{"start":{"line":13,"column":0},"end":{"line":17,"column":2}}},"fnMap":{"0":{"name":"(anonymous_0)","decl":{"start":{"line":5,"column":17},"end":{"line":5,"column":18}},"loc":{"start":{"line":6,"column":2},"end":{"line":10,"column":8}}}},"branchMap":{},"s":{"0":1,"1":1,"2":1},"f":{"0":1},"b":{},"_coverageSchema":"332fd63041d2c1bcb487cc26dd0d5f7d97098a6c","hash":"9c65df2d1b78b8989ba3d31bd8f373e7f1278da1"}
,"/Users/ardokusuma/Documents/workspace/jkusuma-com/src/shared/helpers/styles.js": {"path":"/Users/ardokusuma/Documents/workspace/jkusuma-com/src/shared/helpers/styles.js","statementMap":{"0":{"start":{"line":4,"column":2},"end":{"line":16,"column":16}}},"fnMap":{"0":{"name":"configuredRadium","decl":{"start":{"line":3,"column":16},"end":{"line":3,"column":32}},"loc":{"start":{"line":3,"column":44},"end":{"line":17,"column":1}}}},"branchMap":{},"s":{"0":1},"f":{"0":1},"b":{},"_coverageSchema":"332fd63041d2c1bcb487cc26dd0d5f7d97098a6c","hash":"d478ad203478e427312be1d681ae5a0b5af8f4bb"}
}
