{"/Users/ardo/Documents/workspace/jkusuma-com/src/client/javascripts/main.js": {"path":"/Users/ardo/Documents/workspace/jkusuma-com/src/client/javascripts/main.js","statementMap":{"0":{"start":{"line":15,"column":2},"end":{"line":15,"column":68}},"1":{"start":{"line":17,"column":15},"end":{"line":17,"column":30}},"2":{"start":{"line":19,"column":0},"end":{"line":34,"column":2}}},"fnMap":{},"branchMap":{"0":{"loc":{"start":{"line":15,"column":2},"end":{"line":15,"column":68}},"type":"cond-expr","locations":[{"start":{"line":15,"column":42},"end":{"line":15,"column":48}},{"start":{"line":15,"column":51},"end":{"line":15,"column":68}}],"line":15}},"s":{"0":0,"1":0,"2":0},"f":{},"b":{"0":[0,0]}}
,"/Users/ardo/Documents/workspace/jkusuma-com/src/components/PersonalIcons/CircleCutAnimation.js": {"path":"/Users/ardo/Documents/workspace/jkusuma-com/src/components/PersonalIcons/CircleCutAnimation.js","statementMap":{"0":{"start":{"line":7,"column":40},"end":{"line":17,"column":3}},"1":{"start":{"line":7,"column":71},"end":{"line":17,"column":1}},"2":{"start":{"line":23,"column":15},"end":{"line":23,"column":17}},"3":{"start":{"line":24,"column":15},"end":{"line":24,"column":16}},"4":{"start":{"line":25,"column":26},"end":{"line":25,"column":45}},"5":{"start":{"line":26,"column":22},"end":{"line":26,"column":53}},"6":{"start":{"line":27,"column":13},"end":{"line":27,"column":16}},"7":{"start":{"line":28,"column":27},"end":{"line":66,"column":1}},"8":{"start":{"line":29,"column":16},"end":{"line":29,"column":30}},"9":{"start":{"line":30,"column":24},"end":{"line":34,"column":4}},"10":{"start":{"line":35,"column":31},"end":{"line":49,"column":4}},"11":{"start":{"line":50,"column":2},"end":{"line":65,"column":4}}},"fnMap":{"0":{"name":"(anonymous_0)","decl":{"start":{"line":7,"column":54},"end":{"line":7,"column":55}},"loc":{"start":{"line":7,"column":71},"end":{"line":17,"column":1}},"line":7},"1":{"name":"(anonymous_1)","decl":{"start":{"line":28,"column":27},"end":{"line":28,"column":28}},"loc":{"start":{"line":28,"column":33},"end":{"line":66,"column":1}},"line":28}},"branchMap":{},"s":{"0":0,"1":0,"2":0,"3":0,"4":0,"5":0,"6":0,"7":0,"8":0,"9":0,"10":0,"11":0},"f":{"0":0,"1":0},"b":{}}
,"/Users/ardo/Documents/workspace/jkusuma-com/src/components/PersonalIcons/IconBase.js": {"path":"/Users/ardo/Documents/workspace/jkusuma-com/src/components/PersonalIcons/IconBase.js","statementMap":{"0":{"start":{"line":8,"column":19},"end":{"line":16,"column":2}},"1":{"start":{"line":9,"column":2},"end":{"line":15,"column":4}},"2":{"start":{"line":24,"column":17},"end":{"line":31,"column":1}},"3":{"start":{"line":25,"column":63},"end":{"line":25,"column":68}},"4":{"start":{"line":26,"column":2},"end":{"line":30,"column":4}}},"fnMap":{"0":{"name":"noop","decl":{"start":{"line":6,"column":9},"end":{"line":6,"column":13}},"loc":{"start":{"line":6,"column":16},"end":{"line":6,"column":18}},"line":6},"1":{"name":"(anonymous_1)","decl":{"start":{"line":8,"column":31},"end":{"line":8,"column":32}},"loc":{"start":{"line":8,"column":47},"end":{"line":16,"column":1}},"line":8},"2":{"name":"(anonymous_2)","decl":{"start":{"line":24,"column":17},"end":{"line":24,"column":18}},"loc":{"start":{"line":24,"column":36},"end":{"line":31,"column":1}},"line":24}},"branchMap":{"0":{"loc":{"start":{"line":25,"column":10},"end":{"line":25,"column":19}},"type":"default-arg","locations":[{"start":{"line":25,"column":17},"end":{"line":25,"column":19}}],"line":25},"1":{"loc":{"start":{"line":25,"column":21},"end":{"line":25,"column":39}},"type":"default-arg","locations":[{"start":{"line":25,"column":35},"end":{"line":25,"column":39}}],"line":25}},"s":{"0":1,"1":1,"2":1,"3":1,"4":1},"f":{"0":0,"1":1,"2":1},"b":{"0":[0],"1":[0]},"_coverageSchema":"1a1c01bbd47fc00a2c39e90264f33305004495a9","hash":"bc577550b19b9e18424a2afc1b701b29ab3d0781"}
,"/Users/ardo/Documents/workspace/jkusuma-com/src/components/PersonalIcons/IconGitHub.js": {"path":"/Users/ardo/Documents/workspace/jkusuma-com/src/components/PersonalIcons/IconGitHub.js","statementMap":{"0":{"start":{"line":8,"column":22},"end":{"line":14,"column":2}},"1":{"start":{"line":16,"column":19},"end":{"line":28,"column":1}},"2":{"start":{"line":17,"column":2},"end":{"line":27,"column":4}}},"fnMap":{"0":{"name":"(anonymous_0)","decl":{"start":{"line":16,"column":19},"end":{"line":16,"column":20}},"loc":{"start":{"line":16,"column":25},"end":{"line":28,"column":1}},"line":16}},"branchMap":{},"s":{"0":1,"1":1,"2":1},"f":{"0":1},"b":{},"_coverageSchema":"1a1c01bbd47fc00a2c39e90264f33305004495a9","hash":"d048d64f9511aeb2f6c06b15bf2c9776de17f7b5"}
,"/Users/ardo/Documents/workspace/jkusuma-com/src/components/PersonalIcons/IconLinkedIn.js": {"path":"/Users/ardo/Documents/workspace/jkusuma-com/src/components/PersonalIcons/IconLinkedIn.js","statementMap":{"0":{"start":{"line":8,"column":22},"end":{"line":14,"column":2}},"1":{"start":{"line":16,"column":21},"end":{"line":27,"column":1}},"2":{"start":{"line":17,"column":2},"end":{"line":26,"column":4}}},"fnMap":{"0":{"name":"(anonymous_0)","decl":{"start":{"line":16,"column":21},"end":{"line":16,"column":22}},"loc":{"start":{"line":16,"column":27},"end":{"line":27,"column":1}},"line":16}},"branchMap":{},"s":{"0":0,"1":0,"2":0},"f":{"0":0},"b":{}}
,"/Users/ardo/Documents/workspace/jkusuma-com/src/components/PersonalIcons/PersonalIcons.js": {"path":"/Users/ardo/Documents/workspace/jkusuma-com/src/components/PersonalIcons/PersonalIcons.js","statementMap":{"0":{"start":{"line":12,"column":22},"end":{"line":17,"column":2}},"1":{"start":{"line":19,"column":27},"end":{"line":24,"column":2}},"2":{"start":{"line":26,"column":22},"end":{"line":36,"column":1}},"3":{"start":{"line":27,"column":2},"end":{"line":35,"column":4}}},"fnMap":{"0":{"name":"(anonymous_0)","decl":{"start":{"line":26,"column":22},"end":{"line":26,"column":23}},"loc":{"start":{"line":26,"column":28},"end":{"line":36,"column":1}},"line":26}},"branchMap":{},"s":{"0":0,"1":0,"2":0,"3":0},"f":{"0":0},"b":{}}
,"/Users/ardo/Documents/workspace/jkusuma-com/src/components/PersonalIcons/SquareCutAnimation.js": {"path":"/Users/ardo/Documents/workspace/jkusuma-com/src/components/PersonalIcons/SquareCutAnimation.js","statementMap":{"0":{"start":{"line":11,"column":28},"end":{"line":14,"column":1}},"1":{"start":{"line":16,"column":38},"end":{"line":20,"column":1}},"2":{"start":{"line":22,"column":31},"end":{"line":33,"column":2}},"3":{"start":{"line":35,"column":27},"end":{"line":48,"column":2}},"4":{"start":{"line":50,"column":29},"end":{"line":64,"column":2}},"5":{"start":{"line":66,"column":30},"end":{"line":80,"column":2}},"6":{"start":{"line":82,"column":28},"end":{"line":96,"column":2}},"7":{"start":{"line":98,"column":27},"end":{"line":107,"column":1}},"8":{"start":{"line":99,"column":2},"end":{"line":106,"column":4}}},"fnMap":{"0":{"name":"(anonymous_0)","decl":{"start":{"line":98,"column":27},"end":{"line":98,"column":28}},"loc":{"start":{"line":98,"column":33},"end":{"line":107,"column":1}},"line":98}},"branchMap":{},"s":{"0":0,"1":0,"2":0,"3":0,"4":0,"5":0,"6":0,"7":0,"8":0},"f":{"0":0},"b":{}}
,"/Users/ardo/Documents/workspace/jkusuma-com/src/components/PersonalIcons/constants.js": {"path":"/Users/ardo/Documents/workspace/jkusuma-com/src/components/PersonalIcons/constants.js","statementMap":{"0":{"start":{"line":2,"column":33},"end":{"line":2,"column":37}},"1":{"start":{"line":3,"column":27},"end":{"line":3,"column":30}},"2":{"start":{"line":4,"column":30},"end":{"line":4,"column":48}}},"fnMap":{},"branchMap":{},"s":{"0":0,"1":0,"2":0},"f":{},"b":{}}
,"/Users/ardo/Documents/workspace/jkusuma-com/src/components/containers/AppContainer.js": {"path":"/Users/ardo/Documents/workspace/jkusuma-com/src/components/containers/AppContainer.js","statementMap":{"0":{"start":{"line":5,"column":15},"end":{"line":10,"column":2}},"1":{"start":{"line":12,"column":21},"end":{"line":17,"column":1}},"2":{"start":{"line":13,"column":2},"end":{"line":16,"column":5}}},"fnMap":{"0":{"name":"(anonymous_0)","decl":{"start":{"line":12,"column":21},"end":{"line":12,"column":22}},"loc":{"start":{"line":13,"column":2},"end":{"line":16,"column":5}},"line":13}},"branchMap":{},"s":{"0":0,"1":0,"2":0},"f":{"0":0},"b":{}}
,"/Users/ardo/Documents/workspace/jkusuma-com/src/components/containers/RouteIndexContainer.js": {"path":"/Users/ardo/Documents/workspace/jkusuma-com/src/components/containers/RouteIndexContainer.js","statementMap":{"0":{"start":{"line":8,"column":28},"end":{"line":16,"column":1}},"1":{"start":{"line":9,"column":2},"end":{"line":15,"column":4}}},"fnMap":{"0":{"name":"(anonymous_0)","decl":{"start":{"line":8,"column":28},"end":{"line":8,"column":29}},"loc":{"start":{"line":8,"column":34},"end":{"line":16,"column":1}},"line":8}},"branchMap":{},"s":{"0":0,"1":0},"f":{"0":0},"b":{}}
,"/Users/ardo/Documents/workspace/jkusuma-com/src/components/name/NameClickCount.js": {"path":"/Users/ardo/Documents/workspace/jkusuma-com/src/components/name/NameClickCount.js","statementMap":{"0":{"start":{"line":10,"column":22},"end":{"line":15,"column":2}},"1":{"start":{"line":17,"column":23},"end":{"line":29,"column":1}},"2":{"start":{"line":18,"column":28},"end":{"line":18,"column":41}},"3":{"start":{"line":19,"column":29},"end":{"line":19,"column":34}},"4":{"start":{"line":20,"column":2},"end":{"line":28,"column":4}},"5":{"start":{"line":23,"column":8},"end":{"line":23,"column":46}}},"fnMap":{"0":{"name":"(anonymous_0)","decl":{"start":{"line":17,"column":23},"end":{"line":17,"column":24}},"loc":{"start":{"line":17,"column":29},"end":{"line":29,"column":1}},"line":17},"1":{"name":"(anonymous_1)","decl":{"start":{"line":22,"column":15},"end":{"line":22,"column":16}},"loc":{"start":{"line":22,"column":21},"end":{"line":24,"column":7}},"line":22}},"branchMap":{},"s":{"0":0,"1":0,"2":0,"3":0,"4":0,"5":0},"f":{"0":0,"1":0},"b":{}}
,"/Users/ardo/Documents/workspace/jkusuma-com/src/components/name/NameLetter.js": {"path":"/Users/ardo/Documents/workspace/jkusuma-com/src/components/name/NameLetter.js","statementMap":{"0":{"start":{"line":8,"column":32},"end":{"line":17,"column":1}},"1":{"start":{"line":11,"column":4},"end":{"line":15,"column":6}},"2":{"start":{"line":30,"column":19},"end":{"line":53,"column":1}},"3":{"start":{"line":31,"column":36},"end":{"line":31,"column":51}},"4":{"start":{"line":32,"column":20},"end":{"line":32,"column":56}},"5":{"start":{"line":34,"column":29},"end":{"line":34,"column":51}},"6":{"start":{"line":36,"column":2},"end":{"line":52,"column":4}},"7":{"start":{"line":41,"column":8},"end":{"line":46,"column":9}},"8":{"start":{"line":42,"column":10},"end":{"line":42,"column":29}},"9":{"start":{"line":43,"column":10},"end":{"line":45,"column":11}},"10":{"start":{"line":44,"column":12},"end":{"line":44,"column":25}}},"fnMap":{"0":{"name":"(anonymous_0)","decl":{"start":{"line":10,"column":2},"end":{"line":10,"column":3}},"loc":{"start":{"line":10,"column":34},"end":{"line":16,"column":3}},"line":10},"1":{"name":"(anonymous_1)","decl":{"start":{"line":30,"column":19},"end":{"line":30,"column":20}},"loc":{"start":{"line":30,"column":78},"end":{"line":53,"column":1}},"line":30},"2":{"name":"(anonymous_2)","decl":{"start":{"line":40,"column":15},"end":{"line":40,"column":16}},"loc":{"start":{"line":40,"column":24},"end":{"line":47,"column":7}},"line":40}},"branchMap":{"0":{"loc":{"start":{"line":14,"column":10},"end":{"line":14,"column":38}},"type":"cond-expr","locations":[{"start":{"line":14,"column":23},"end":{"line":14,"column":33}},{"start":{"line":14,"column":36},"end":{"line":14,"column":38}}],"line":14},"1":{"loc":{"start":{"line":41,"column":8},"end":{"line":46,"column":9}},"type":"if","locations":[{"start":{"line":41,"column":8},"end":{"line":46,"column":9}},{"start":{"line":41,"column":8},"end":{"line":46,"column":9}}],"line":41},"2":{"loc":{"start":{"line":41,"column":12},"end":{"line":41,"column":38}},"type":"binary-expr","locations":[{"start":{"line":41,"column":12},"end":{"line":41,"column":24}},{"start":{"line":41,"column":28},"end":{"line":41,"column":38}}],"line":41},"3":{"loc":{"start":{"line":43,"column":10},"end":{"line":45,"column":11}},"type":"if","locations":[{"start":{"line":43,"column":10},"end":{"line":45,"column":11}},{"start":{"line":43,"column":10},"end":{"line":45,"column":11}}],"line":43}},"s":{"0":0,"1":0,"2":0,"3":0,"4":0,"5":0,"6":0,"7":0,"8":0,"9":0,"10":0},"f":{"0":0,"1":0,"2":0},"b":{"0":[0,0],"1":[0,0],"2":[0,0],"3":[0,0]}}
,"/Users/ardo/Documents/workspace/jkusuma-com/src/components/name/NameMine.js": {"path":"/Users/ardo/Documents/workspace/jkusuma-com/src/components/name/NameMine.js","statementMap":{"0":{"start":{"line":16,"column":20},"end":{"line":16,"column":40}},"1":{"start":{"line":18,"column":26},"end":{"line":23,"column":2}},"2":{"start":{"line":26,"column":28},"end":{"line":26,"column":33}},"3":{"start":{"line":27,"column":2},"end":{"line":31,"column":5}},"4":{"start":{"line":28,"column":4},"end":{"line":30,"column":17}},"5":{"start":{"line":34,"column":17},"end":{"line":75,"column":1}},"6":{"start":{"line":35,"column":23},"end":{"line":35,"column":36}},"7":{"start":{"line":36,"column":38},"end":{"line":36,"column":49}},"8":{"start":{"line":38,"column":24},"end":{"line":41,"column":16}},"9":{"start":{"line":39,"column":4},"end":{"line":39,"column":32}},"10":{"start":{"line":39,"column":25},"end":{"line":39,"column":30}},"11":{"start":{"line":40,"column":4},"end":{"line":40,"column":32}},"12":{"start":{"line":43,"column":25},"end":{"line":48,"column":3}},"13":{"start":{"line":44,"column":11},"end":{"line":46,"column":5}},"14":{"start":{"line":50,"column":2},"end":{"line":74,"column":4}}},"fnMap":{"0":{"name":"getMidLetters","decl":{"start":{"line":25,"column":9},"end":{"line":25,"column":22}},"loc":{"start":{"line":25,"column":60},"end":{"line":32,"column":1}},"line":25},"1":{"name":"(anonymous_1)","decl":{"start":{"line":27,"column":25},"end":{"line":27,"column":26}},"loc":{"start":{"line":28,"column":4},"end":{"line":30,"column":17}},"line":28},"2":{"name":"(anonymous_2)","decl":{"start":{"line":34,"column":17},"end":{"line":34,"column":18}},"loc":{"start":{"line":34,"column":23},"end":{"line":75,"column":1}},"line":34},"3":{"name":"(anonymous_3)","decl":{"start":{"line":38,"column":36},"end":{"line":38,"column":37}},"loc":{"start":{"line":38,"column":42},"end":{"line":41,"column":3}},"line":38},"4":{"name":"(anonymous_4)","decl":{"start":{"line":39,"column":18},"end":{"line":39,"column":19}},"loc":{"start":{"line":39,"column":25},"end":{"line":39,"column":30}},"line":39},"5":{"name":"(anonymous_5)","decl":{"start":{"line":44,"column":4},"end":{"line":44,"column":5}},"loc":{"start":{"line":44,"column":11},"end":{"line":46,"column":5}},"line":44}},"branchMap":{"0":{"loc":{"start":{"line":70,"column":7},"end":{"line":72,"column":7}},"type":"binary-expr","locations":[{"start":{"line":70,"column":7},"end":{"line":70,"column":21}},{"start":{"line":71,"column":8},"end":{"line":71,"column":67}}],"line":70}},"s":{"0":0,"1":0,"2":0,"3":0,"4":0,"5":0,"6":0,"7":0,"8":0,"9":0,"10":0,"11":0,"12":0,"13":0,"14":0},"f":{"0":0,"1":0,"2":0,"3":0,"4":0,"5":0},"b":{"0":[0,0]}}
,"/Users/ardo/Documents/workspace/jkusuma-com/src/components/name/styles.js": {"path":"/Users/ardo/Documents/workspace/jkusuma-com/src/components/name/styles.js","statementMap":{"0":{"start":{"line":9,"column":48},"end":{"line":13,"column":1}},"1":{"start":{"line":15,"column":39},"end":{"line":22,"column":1}},"2":{"start":{"line":24,"column":39},"end":{"line":31,"column":1}},"3":{"start":{"line":33,"column":29},"end":{"line":42,"column":2}},"4":{"start":{"line":44,"column":34},"end":{"line":46,"column":2}},"5":{"start":{"line":48,"column":31},"end":{"line":54,"column":2}},"6":{"start":{"line":56,"column":30},"end":{"line":61,"column":2}},"7":{"start":{"line":63,"column":19},"end":{"line":63,"column":62}},"8":{"start":{"line":65,"column":14},"end":{"line":65,"column":43}},"9":{"start":{"line":66,"column":2},"end":{"line":66,"column":25}}},"fnMap":{"0":{"name":"getRandomAnimation","decl":{"start":{"line":64,"column":16},"end":{"line":64,"column":34}},"loc":{"start":{"line":64,"column":37},"end":{"line":67,"column":1}},"line":64}},"branchMap":{},"s":{"0":0,"1":0,"2":0,"3":0,"4":0,"5":0,"6":0,"7":0,"8":0,"9":0},"f":{"0":0},"b":{}}
,"/Users/ardo/Documents/workspace/jkusuma-com/src/utils/app-state.js": {"path":"/Users/ardo/Documents/workspace/jkusuma-com/src/utils/app-state.js","statementMap":{"0":{"start":{"line":14,"column":22},"end":{"line":16,"column":1}},"1":{"start":{"line":18,"column":24},"end":{"line":18,"column":50}},"2":{"start":{"line":19,"column":32},"end":{"line":19,"column":58}},"3":{"start":{"line":21,"column":32},"end":{"line":24,"column":1}},"4":{"start":{"line":30,"column":2},"end":{"line":40,"column":3}},"5":{"start":{"line":32,"column":23},"end":{"line":32,"column":47}},"6":{"start":{"line":33,"column":6},"end":{"line":33,"column":40}},"7":{"start":{"line":34,"column":6},"end":{"line":34,"column":42}},"8":{"start":{"line":36,"column":6},"end":{"line":36,"column":34}},"9":{"start":{"line":37,"column":6},"end":{"line":37,"column":35}},"10":{"start":{"line":39,"column":6},"end":{"line":39,"column":63}},"11":{"start":{"line":44,"column":2},"end":{"line":44,"column":28}},"12":{"start":{"line":45,"column":2},"end":{"line":47,"column":5}},"13":{"start":{"line":51,"column":2},"end":{"line":51,"column":33}},"14":{"start":{"line":52,"column":2},"end":{"line":54,"column":5}},"15":{"start":{"line":57,"column":32},"end":{"line":66,"column":1}},"16":{"start":{"line":58,"column":28},"end":{"line":58,"column":70}},"17":{"start":{"line":59,"column":2},"end":{"line":65,"column":4}},"18":{"start":{"line":68,"column":27},"end":{"line":76,"column":1}},"19":{"start":{"line":69,"column":18},"end":{"line":69,"column":45}},"20":{"start":{"line":70,"column":2},"end":{"line":74,"column":3}},"21":{"start":{"line":71,"column":4},"end":{"line":73,"column":6}},"22":{"start":{"line":75,"column":2},"end":{"line":75,"column":17}},"23":{"start":{"line":78,"column":35},"end":{"line":86,"column":1}},"24":{"start":{"line":79,"column":18},"end":{"line":79,"column":53}},"25":{"start":{"line":80,"column":2},"end":{"line":84,"column":3}},"26":{"start":{"line":81,"column":4},"end":{"line":83,"column":6}},"27":{"start":{"line":85,"column":2},"end":{"line":85,"column":17}},"28":{"start":{"line":88,"column":27},"end":{"line":90,"column":1}},"29":{"start":{"line":89,"column":2},"end":{"line":89,"column":62}}},"fnMap":{"0":{"name":"appStateReducer","decl":{"start":{"line":26,"column":9},"end":{"line":26,"column":24}},"loc":{"start":{"line":29,"column":2},"end":{"line":41,"column":1}},"line":29},"1":{"name":"dispatchNameClick","decl":{"start":{"line":43,"column":16},"end":{"line":43,"column":33}},"loc":{"start":{"line":43,"column":49},"end":{"line":48,"column":1}},"line":43},"2":{"name":"dispatchClearNameClickCount","decl":{"start":{"line":50,"column":16},"end":{"line":50,"column":43}},"loc":{"start":{"line":50,"column":59},"end":{"line":55,"column":1}},"line":50},"3":{"name":"(anonymous_3)","decl":{"start":{"line":57,"column":32},"end":{"line":57,"column":33}},"loc":{"start":{"line":57,"column":76},"end":{"line":66,"column":1}},"line":57},"4":{"name":"(anonymous_4)","decl":{"start":{"line":68,"column":27},"end":{"line":68,"column":28}},"loc":{"start":{"line":68,"column":33},"end":{"line":76,"column":1}},"line":68},"5":{"name":"(anonymous_5)","decl":{"start":{"line":78,"column":35},"end":{"line":78,"column":36}},"loc":{"start":{"line":78,"column":41},"end":{"line":86,"column":1}},"line":78},"6":{"name":"(anonymous_6)","decl":{"start":{"line":88,"column":27},"end":{"line":88,"column":28}},"loc":{"start":{"line":88,"column":33},"end":{"line":90,"column":1}},"line":88}},"branchMap":{"0":{"loc":{"start":{"line":30,"column":2},"end":{"line":40,"column":3}},"type":"switch","locations":[{"start":{"line":31,"column":4},"end":{"line":34,"column":42}},{"start":{"line":35,"column":4},"end":{"line":37,"column":35}},{"start":{"line":38,"column":4},"end":{"line":39,"column":63}}],"line":30},"1":{"loc":{"start":{"line":70,"column":2},"end":{"line":74,"column":3}},"type":"if","locations":[{"start":{"line":70,"column":2},"end":{"line":74,"column":3}},{"start":{"line":70,"column":2},"end":{"line":74,"column":3}}],"line":70},"2":{"loc":{"start":{"line":80,"column":2},"end":{"line":84,"column":3}},"type":"if","locations":[{"start":{"line":80,"column":2},"end":{"line":84,"column":3}},{"start":{"line":80,"column":2},"end":{"line":84,"column":3}}],"line":80}},"s":{"0":0,"1":0,"2":0,"3":0,"4":0,"5":0,"6":0,"7":0,"8":0,"9":0,"10":0,"11":0,"12":0,"13":0,"14":0,"15":0,"16":0,"17":0,"18":0,"19":0,"20":0,"21":0,"22":0,"23":0,"24":0,"25":0,"26":0,"27":0,"28":0,"29":0},"f":{"0":0,"1":0,"2":0,"3":0,"4":0,"5":0,"6":0},"b":{"0":[0,0,0],"1":[0,0],"2":[0,0]}}
,"/Users/ardo/Documents/workspace/jkusuma-com/src/utils/env.js": {"path":"/Users/ardo/Documents/workspace/jkusuma-com/src/utils/env.js","statementMap":{"0":{"start":{"line":5,"column":2},"end":{"line":5,"column":52}}},"fnMap":{"0":{"name":"isDev","decl":{"start":{"line":4,"column":16},"end":{"line":4,"column":21}},"loc":{"start":{"line":4,"column":24},"end":{"line":6,"column":1}},"line":4}},"branchMap":{},"s":{"0":2},"f":{"0":2},"b":{},"_coverageSchema":"1a1c01bbd47fc00a2c39e90264f33305004495a9","hash":"3e119c9f574def5d04e4a34fad42b58b620c1955"}
,"/Users/ardo/Documents/workspace/jkusuma-com/src/utils/ga.js": {"path":"/Users/ardo/Documents/workspace/jkusuma-com/src/utils/ga.js","statementMap":{"0":{"start":{"line":8,"column":4},"end":{"line":10,"column":5}},"1":{"start":{"line":9,"column":6},"end":{"line":9,"column":13}},"2":{"start":{"line":11,"column":4},"end":{"line":14,"column":7}},"3":{"start":{"line":19,"column":4},"end":{"line":22,"column":7}},"4":{"start":{"line":27,"column":4},"end":{"line":30,"column":7}},"5":{"start":{"line":34,"column":4},"end":{"line":37,"column":7}},"6":{"start":{"line":41,"column":4},"end":{"line":44,"column":7}},"7":{"start":{"line":48,"column":16},"end":{"line":48,"column":24}}},"fnMap":{"0":{"name":"(anonymous_0)","decl":{"start":{"line":5,"column":2},"end":{"line":5,"column":3}},"loc":{"start":{"line":5,"column":16},"end":{"line":5,"column":18}},"line":5},"1":{"name":"(anonymous_1)","decl":{"start":{"line":7,"column":2},"end":{"line":7,"column":3}},"loc":{"start":{"line":7,"column":23},"end":{"line":15,"column":3}},"line":7},"2":{"name":"(anonymous_2)","decl":{"start":{"line":17,"column":2},"end":{"line":17,"column":3}},"loc":{"start":{"line":17,"column":25},"end":{"line":23,"column":3}},"line":17},"3":{"name":"(anonymous_3)","decl":{"start":{"line":25,"column":2},"end":{"line":25,"column":3}},"loc":{"start":{"line":25,"column":20},"end":{"line":31,"column":3}},"line":25},"4":{"name":"(anonymous_4)","decl":{"start":{"line":33,"column":2},"end":{"line":33,"column":3}},"loc":{"start":{"line":33,"column":18},"end":{"line":38,"column":3}},"line":33},"5":{"name":"(anonymous_5)","decl":{"start":{"line":40,"column":2},"end":{"line":40,"column":3}},"loc":{"start":{"line":40,"column":16},"end":{"line":45,"column":3}},"line":40}},"branchMap":{"0":{"loc":{"start":{"line":7,"column":7},"end":{"line":7,"column":21}},"type":"default-arg","locations":[{"start":{"line":7,"column":19},"end":{"line":7,"column":21}}],"line":7},"1":{"loc":{"start":{"line":8,"column":4},"end":{"line":10,"column":5}},"type":"if","locations":[{"start":{"line":8,"column":4},"end":{"line":10,"column":5}},{"start":{"line":8,"column":4},"end":{"line":10,"column":5}}],"line":8},"2":{"loc":{"start":{"line":8,"column":8},"end":{"line":8,"column":29}},"type":"binary-expr","locations":[{"start":{"line":8,"column":8},"end":{"line":8,"column":18}},{"start":{"line":8,"column":22},"end":{"line":8,"column":29}}],"line":8}},"s":{"0":0,"1":0,"2":0,"3":0,"4":0,"5":0,"6":0,"7":1},"f":{"0":1,"1":0,"2":0,"3":0,"4":0,"5":0},"b":{"0":[0],"1":[0,0],"2":[0,0]},"_coverageSchema":"1a1c01bbd47fc00a2c39e90264f33305004495a9","hash":"af87a77ab5c108733cf37ac7bfd97b428e45b861"}
,"/Users/ardo/Documents/workspace/jkusuma-com/src/utils/local-storage.js": {"path":"/Users/ardo/Documents/workspace/jkusuma-com/src/utils/local-storage.js","statementMap":{"0":{"start":{"line":8,"column":4},"end":{"line":8,"column":59}},"1":{"start":{"line":12,"column":4},"end":{"line":14,"column":5}},"2":{"start":{"line":13,"column":6},"end":{"line":13,"column":26}},"3":{"start":{"line":15,"column":16},"end":{"line":15,"column":20}},"4":{"start":{"line":16,"column":4},"end":{"line":20,"column":5}},"5":{"start":{"line":17,"column":6},"end":{"line":17,"column":57}},"6":{"start":{"line":21,"column":4},"end":{"line":21,"column":33}},"7":{"start":{"line":25,"column":4},"end":{"line":27,"column":5}},"8":{"start":{"line":26,"column":6},"end":{"line":26,"column":13}},"9":{"start":{"line":28,"column":4},"end":{"line":30,"column":5}},"10":{"start":{"line":29,"column":6},"end":{"line":29,"column":36}},"11":{"start":{"line":31,"column":4},"end":{"line":31,"column":42}},"12":{"start":{"line":35,"column":4},"end":{"line":37,"column":5}},"13":{"start":{"line":36,"column":6},"end":{"line":36,"column":13}},"14":{"start":{"line":38,"column":4},"end":{"line":38,"column":38}},"15":{"start":{"line":42,"column":4},"end":{"line":44,"column":5}},"16":{"start":{"line":43,"column":6},"end":{"line":43,"column":32}},"17":{"start":{"line":48,"column":19},"end":{"line":48,"column":32}},"18":{"start":{"line":49,"column":22},"end":{"line":51,"column":1}},"19":{"start":{"line":53,"column":22},"end":{"line":53,"column":40}},"20":{"start":{"line":56,"column":2},"end":{"line":56,"column":62}},"21":{"start":{"line":60,"column":2},"end":{"line":60,"column":69}},"22":{"start":{"line":64,"column":2},"end":{"line":64,"column":62}}},"fnMap":{"0":{"name":"(anonymous_0)","decl":{"start":{"line":7,"column":2},"end":{"line":7,"column":3}},"loc":{"start":{"line":7,"column":43},"end":{"line":9,"column":3}},"line":7},"1":{"name":"(anonymous_1)","decl":{"start":{"line":11,"column":2},"end":{"line":11,"column":3}},"loc":{"start":{"line":11,"column":25},"end":{"line":22,"column":3}},"line":11},"2":{"name":"(anonymous_2)","decl":{"start":{"line":24,"column":2},"end":{"line":24,"column":3}},"loc":{"start":{"line":24,"column":18},"end":{"line":32,"column":3}},"line":24},"3":{"name":"(anonymous_3)","decl":{"start":{"line":34,"column":2},"end":{"line":34,"column":3}},"loc":{"start":{"line":34,"column":14},"end":{"line":39,"column":3}},"line":34},"4":{"name":"(anonymous_4)","decl":{"start":{"line":41,"column":2},"end":{"line":41,"column":3}},"loc":{"start":{"line":41,"column":10},"end":{"line":45,"column":3}},"line":41},"5":{"name":"getClickLetterAnimCount","decl":{"start":{"line":55,"column":16},"end":{"line":55,"column":39}},"loc":{"start":{"line":55,"column":50},"end":{"line":57,"column":1}},"line":55},"6":{"name":"setClickLetterAnimCount","decl":{"start":{"line":59,"column":16},"end":{"line":59,"column":39}},"loc":{"start":{"line":59,"column":58},"end":{"line":61,"column":1}},"line":59},"7":{"name":"clearClickLetterAnimCount","decl":{"start":{"line":63,"column":16},"end":{"line":63,"column":41}},"loc":{"start":{"line":63,"column":44},"end":{"line":65,"column":1}},"line":63}},"branchMap":{"0":{"loc":{"start":{"line":7,"column":14},"end":{"line":7,"column":41}},"type":"default-arg","locations":[{"start":{"line":7,"column":39},"end":{"line":7,"column":41}}],"line":7},"1":{"loc":{"start":{"line":8,"column":24},"end":{"line":8,"column":58}},"type":"binary-expr","locations":[{"start":{"line":8,"column":24},"end":{"line":8,"column":35}},{"start":{"line":8,"column":39},"end":{"line":8,"column":58}}],"line":8},"2":{"loc":{"start":{"line":12,"column":4},"end":{"line":14,"column":5}},"type":"if","locations":[{"start":{"line":12,"column":4},"end":{"line":14,"column":5}},{"start":{"line":12,"column":4},"end":{"line":14,"column":5}}],"line":12},"3":{"loc":{"start":{"line":21,"column":11},"end":{"line":21,"column":32}},"type":"binary-expr","locations":[{"start":{"line":21,"column":11},"end":{"line":21,"column":16}},{"start":{"line":21,"column":20},"end":{"line":21,"column":32}}],"line":21},"4":{"loc":{"start":{"line":25,"column":4},"end":{"line":27,"column":5}},"type":"if","locations":[{"start":{"line":25,"column":4},"end":{"line":27,"column":5}},{"start":{"line":25,"column":4},"end":{"line":27,"column":5}}],"line":25},"5":{"loc":{"start":{"line":28,"column":4},"end":{"line":30,"column":5}},"type":"if","locations":[{"start":{"line":28,"column":4},"end":{"line":30,"column":5}},{"start":{"line":28,"column":4},"end":{"line":30,"column":5}}],"line":28},"6":{"loc":{"start":{"line":35,"column":4},"end":{"line":37,"column":5}},"type":"if","locations":[{"start":{"line":35,"column":4},"end":{"line":37,"column":5}},{"start":{"line":35,"column":4},"end":{"line":37,"column":5}}],"line":35},"7":{"loc":{"start":{"line":42,"column":4},"end":{"line":44,"column":5}},"type":"if","locations":[{"start":{"line":42,"column":4},"end":{"line":44,"column":5}},{"start":{"line":42,"column":4},"end":{"line":44,"column":5}}],"line":42}},"s":{"0":0,"1":0,"2":0,"3":0,"4":0,"5":0,"6":0,"7":0,"8":0,"9":0,"10":0,"11":0,"12":0,"13":0,"14":0,"15":0,"16":0,"17":0,"18":0,"19":0,"20":0,"21":0,"22":0},"f":{"0":0,"1":0,"2":0,"3":0,"4":0,"5":0,"6":0,"7":0},"b":{"0":[0],"1":[0,0],"2":[0,0],"3":[0,0],"4":[0,0],"5":[0,0],"6":[0,0],"7":[0,0]}}
,"/Users/ardo/Documents/workspace/jkusuma-com/src/utils/styles.js": {"path":"/Users/ardo/Documents/workspace/jkusuma-com/src/utils/styles.js","statementMap":{"0":{"start":{"line":2,"column":31},"end":{"line":20,"column":1}},"1":{"start":{"line":22,"column":45},"end":{"line":22,"column":49}},"2":{"start":{"line":23,"column":33},"end":{"line":29,"column":1}},"3":{"start":{"line":31,"column":36},"end":{"line":47,"column":1}},"4":{"start":{"line":48,"column":38},"end":{"line":54,"column":1}},"5":{"start":{"line":56,"column":33},"end":{"line":56,"column":60}}},"fnMap":{},"branchMap":{},"s":{"0":0,"1":0,"2":0,"3":0,"4":0,"5":0},"f":{},"b":{}}
,"/Users/ardo/Documents/workspace/jkusuma-com/src/utils/styletron.js": {"path":"/Users/ardo/Documents/workspace/jkusuma-com/src/utils/styletron.js","statementMap":{"0":{"start":{"line":6,"column":13},"end":{"line":6,"column":22}},"1":{"start":{"line":7,"column":15},"end":{"line":7,"column":24}},"2":{"start":{"line":9,"column":14},"end":{"line":23,"column":1}},"3":{"start":{"line":25,"column":31},"end":{"line":25,"column":57}},"4":{"start":{"line":27,"column":31},"end":{"line":29,"column":1}},"5":{"start":{"line":28,"column":2},"end":{"line":28,"column":47}},"6":{"start":{"line":31,"column":16},"end":{"line":39,"column":1}},"7":{"start":{"line":32,"column":2},"end":{"line":38,"column":4}},"8":{"start":{"line":33,"column":4},"end":{"line":37,"column":6}},"9":{"start":{"line":35,"column":20},"end":{"line":35,"column":65}},"10":{"start":{"line":41,"column":21},"end":{"line":45,"column":2}}},"fnMap":{"0":{"name":"(anonymous_0)","decl":{"start":{"line":27,"column":31},"end":{"line":27,"column":32}},"loc":{"start":{"line":28,"column":2},"end":{"line":28,"column":47}},"line":28},"1":{"name":"(anonymous_1)","decl":{"start":{"line":31,"column":16},"end":{"line":31,"column":17}},"loc":{"start":{"line":31,"column":37},"end":{"line":39,"column":1}},"line":31},"2":{"name":"withThemeHOC","decl":{"start":{"line":32,"column":18},"end":{"line":32,"column":30}},"loc":{"start":{"line":32,"column":38},"end":{"line":38,"column":3}},"line":32},"3":{"name":"(anonymous_3)","decl":{"start":{"line":35,"column":9},"end":{"line":35,"column":10}},"loc":{"start":{"line":35,"column":20},"end":{"line":35,"column":65}},"line":35}},"branchMap":{},"s":{"0":1,"1":1,"2":1,"3":1,"4":1,"5":1,"6":1,"7":2,"8":2,"9":2,"10":1},"f":{"0":1,"1":2,"2":2,"3":2},"b":{},"_coverageSchema":"1a1c01bbd47fc00a2c39e90264f33305004495a9","hash":"9f51682bdc416f166df5db57edf1b7066d45e13e"}
}
