TN:
SF:src/client/javascripts/main.js
FNF:0
FNH:0
DA:15,0
DA:17,0
DA:19,0
LF:3
LH:0
BRDA:15,0,0,0
BRDA:15,0,1,0
BRF:2
BRH:0
end_of_record
TN:
SF:src/components/NameClickCount.js
FN:14,(anonymous_0)
FN:19,(anonymous_1)
FNF:2
FNH:0
FNDA:0,(anonymous_0)
FNDA:0,(anonymous_1)
DA:7,0
DA:14,0
DA:15,0
DA:16,0
DA:17,0
DA:20,0
LF:6
LH:0
BRF:0
BRH:0
end_of_record
TN:
SF:src/components/NameMine/NameLetter.js
FN:11,(anonymous_0)
FN:30,(anonymous_1)
FN:41,(anonymous_2)
FN:49,(anonymous_3)
FNF:4
FNH:0
FNDA:0,(anonymous_0)
FNDA:0,(anonymous_1)
FNDA:0,(anonymous_2)
FNDA:0,(anonymous_3)
DA:8,0
DA:12,0
DA:30,0
DA:31,0
DA:32,0
DA:33,0
DA:35,0
DA:37,0
DA:42,0
DA:43,0
DA:44,0
DA:45,0
DA:49,0
LF:13
LH:0
BRDA:15,0,0,0
BRDA:15,0,1,0
BRDA:42,1,0,0
BRDA:42,1,1,0
BRDA:42,2,0,0
BRDA:42,2,1,0
BRDA:44,3,0,0
BRDA:44,3,1,0
BRDA:51,4,0,0
BRDA:51,4,1,0
BRF:10
BRH:0
end_of_record
TN:
SF:src/components/NameMine/NameMine.js
FN:25,getMidLetters
FN:27,(anonymous_1)
FN:34,(anonymous_2)
FN:38,(anonymous_3)
FN:39,(anonymous_4)
FN:44,(anonymous_5)
FNF:6
FNH:0
FNDA:0,getMidLetters
FNDA:0,(anonymous_1)
FNDA:0,(anonymous_2)
FNDA:0,(anonymous_3)
FNDA:0,(anonymous_4)
FNDA:0,(anonymous_5)
DA:16,0
DA:18,0
DA:26,0
DA:27,0
DA:28,0
DA:34,0
DA:35,0
DA:36,0
DA:38,0
DA:39,0
DA:40,0
DA:43,0
DA:44,0
DA:50,0
LF:14
LH:0
BRDA:70,0,0,0
BRDA:70,0,1,0
BRF:2
BRH:0
end_of_record
TN:
SF:src/components/NameMine/index.js
FNF:0
FNH:0
LF:0
LH:0
BRF:0
BRH:0
end_of_record
TN:
SF:src/components/NameMine/styles.js
FN:64,getRandomAnimation
FNF:1
FNH:0
FNDA:0,getRandomAnimation
DA:9,0
DA:15,0
DA:24,0
DA:33,0
DA:44,0
DA:48,0
DA:56,0
DA:63,0
DA:65,0
DA:66,0
LF:10
LH:0
BRF:0
BRH:0
end_of_record
TN:
SF:src/components/PersonalIcons/CircleCutAnimation.js
FN:7,(anonymous_0)
FN:28,(anonymous_1)
FNF:2
FNH:0
FNDA:0,(anonymous_0)
FNDA:0,(anonymous_1)
DA:7,0
DA:23,0
DA:24,0
DA:25,0
DA:26,0
DA:27,0
DA:28,0
DA:29,0
DA:30,0
DA:35,0
DA:50,0
LF:11
LH:0
BRF:0
BRH:0
end_of_record
TN:
SF:src/components/PersonalIcons/IconBase.js
FN:6,noop
FN:8,(anonymous_1)
FN:24,(anonymous_2)
FNF:3
FNH:2
FNDA:0,noop
FNDA:1,(anonymous_1)
FNDA:1,(anonymous_2)
DA:8,1
DA:9,1
DA:24,1
DA:25,1
DA:26,1
LF:5
LH:5
BRDA:25,0,0,0
BRDA:25,1,0,0
BRF:2
BRH:0
end_of_record
TN:
SF:src/components/PersonalIcons/IconGitHub.js
FN:16,(anonymous_0)
FNF:1
FNH:1
FNDA:1,(anonymous_0)
DA:8,1
DA:16,1
DA:17,1
LF:3
LH:3
BRF:0
BRH:0
end_of_record
TN:
SF:src/components/PersonalIcons/IconLinkedIn.js
FN:16,(anonymous_0)
FNF:1
FNH:0
FNDA:0,(anonymous_0)
DA:8,0
DA:16,0
DA:17,0
LF:3
LH:0
BRF:0
BRH:0
end_of_record
TN:
SF:src/components/PersonalIcons/PersonalIcons.js
FN:26,(anonymous_0)
FNF:1
FNH:0
FNDA:0,(anonymous_0)
DA:12,0
DA:19,0
DA:26,0
DA:27,0
LF:4
LH:0
BRF:0
BRH:0
end_of_record
TN:
SF:src/components/PersonalIcons/SquareCutAnimation.js
FN:98,(anonymous_0)
FNF:1
FNH:0
FNDA:0,(anonymous_0)
DA:11,0
DA:16,0
DA:22,0
DA:35,0
DA:50,0
DA:66,0
DA:82,0
DA:98,0
DA:99,0
LF:9
LH:0
BRF:0
BRH:0
end_of_record
TN:
SF:src/components/PersonalIcons/constants.js
FNF:0
FNH:0
DA:2,0
DA:3,0
DA:4,0
LF:3
LH:0
BRF:0
BRH:0
end_of_record
TN:
SF:src/components/PersonalIcons/index.js
FNF:0
FNH:0
LF:0
LH:0
BRF:0
BRH:0
end_of_record
TN:
SF:src/components/containers/AppContainer.js
FN:12,(anonymous_0)
FNF:1
FNH:0
FNDA:0,(anonymous_0)
DA:5,0
DA:12,0
DA:13,0
LF:3
LH:0
BRF:0
BRH:0
end_of_record
TN:
SF:src/components/containers/RouteIndexContainer.js
FN:8,(anonymous_0)
FNF:1
FNH:0
FNDA:0,(anonymous_0)
DA:8,0
DA:9,0
LF:2
LH:0
BRF:0
BRH:0
end_of_record
TN:
SF:src/utils/app-state.js
FN:26,appStateReducer
FN:43,(anonymous_1)
FN:54,(anonymous_2)
FN:64,(anonymous_3)
FN:74,dispatchNameClick
FN:81,dispatchClearNameClickCount
FN:88,(anonymous_6)
FN:90,(anonymous_7)
FN:93,(anonymous_8)
FN:95,(anonymous_9)
FNF:10
FNH:0
FNDA:0,appStateReducer
FNDA:0,(anonymous_1)
FNDA:0,(anonymous_2)
FNDA:0,(anonymous_3)
FNDA:0,dispatchNameClick
FNDA:0,dispatchClearNameClickCount
FNDA:0,(anonymous_6)
FNDA:0,(anonymous_7)
FNDA:0,(anonymous_8)
FNDA:0,(anonymous_9)
DA:14,0
DA:18,0
DA:19,0
DA:21,0
DA:30,0
DA:32,0
DA:33,0
DA:34,0
DA:36,0
DA:37,0
DA:39,0
DA:43,0
DA:44,0
DA:45,0
DA:54,0
DA:55,0
DA:56,0
DA:57,0
DA:61,0
DA:64,0
DA:65,0
DA:66,0
DA:67,0
DA:71,0
DA:75,0
DA:76,0
DA:82,0
DA:83,0
DA:88,0
DA:89,0
DA:90,0
DA:91,0
DA:94,0
DA:95,0
DA:98,0
LF:35
LH:0
BRDA:30,0,0,0
BRDA:30,0,1,0
BRDA:30,0,2,0
BRDA:56,1,0,0
BRDA:56,1,1,0
BRDA:66,2,0,0
BRDA:66,2,1,0
BRF:7
BRH:0
end_of_record
TN:
SF:src/utils/env.js
FN:4,isDev
FNF:1
FNH:1
FNDA:2,isDev
DA:5,2
LF:1
LH:1
BRF:0
BRH:0
end_of_record
TN:
SF:src/utils/ga.js
FN:5,(anonymous_0)
FN:7,(anonymous_1)
FN:17,(anonymous_2)
FN:25,(anonymous_3)
FN:33,(anonymous_4)
FN:40,(anonymous_5)
FNF:6
FNH:1
FNDA:1,(anonymous_0)
FNDA:0,(anonymous_1)
FNDA:0,(anonymous_2)
FNDA:0,(anonymous_3)
FNDA:0,(anonymous_4)
FNDA:0,(anonymous_5)
DA:8,0
DA:9,0
DA:11,0
DA:19,0
DA:27,0
DA:34,0
DA:41,0
DA:48,1
LF:8
LH:1
BRDA:7,0,0,0
BRDA:8,1,0,0
BRDA:8,1,1,0
BRDA:8,2,0,0
BRDA:8,2,1,0
BRF:5
BRH:0
end_of_record
TN:
SF:src/utils/hooks.js
FN:6,usePrevious
FN:12,(anonymous_1)
FNF:2
FNH:0
FNDA:0,usePrevious
FNDA:0,(anonymous_1)
DA:9,0
DA:12,0
DA:13,0
DA:17,0
LF:4
LH:0
BRF:0
BRH:0
end_of_record
TN:
SF:src/utils/local-storage.js
FN:7,(anonymous_0)
FN:11,(anonymous_1)
FN:24,(anonymous_2)
FN:34,(anonymous_3)
FN:41,(anonymous_4)
FN:55,getClickLetterAnimCount
FN:59,setClickLetterAnimCount
FN:63,clearClickLetterAnimCount
FNF:8
FNH:0
FNDA:0,(anonymous_0)
FNDA:0,(anonymous_1)
FNDA:0,(anonymous_2)
FNDA:0,(anonymous_3)
FNDA:0,(anonymous_4)
FNDA:0,getClickLetterAnimCount
FNDA:0,setClickLetterAnimCount
FNDA:0,clearClickLetterAnimCount
DA:8,0
DA:12,0
DA:13,0
DA:15,0
DA:16,0
DA:17,0
DA:21,0
DA:25,0
DA:26,0
DA:28,0
DA:29,0
DA:31,0
DA:35,0
DA:36,0
DA:38,0
DA:42,0
DA:43,0
DA:48,0
DA:49,0
DA:53,0
DA:56,0
DA:60,0
DA:64,0
LF:23
LH:0
BRDA:7,0,0,0
BRDA:8,1,0,0
BRDA:8,1,1,0
BRDA:12,2,0,0
BRDA:12,2,1,0
BRDA:21,3,0,0
BRDA:21,3,1,0
BRDA:25,4,0,0
BRDA:25,4,1,0
BRDA:28,5,0,0
BRDA:28,5,1,0
BRDA:35,6,0,0
BRDA:35,6,1,0
BRDA:42,7,0,0
BRDA:42,7,1,0
BRF:15
BRH:0
end_of_record
TN:
SF:src/utils/styles.js
FNF:0
FNH:0
DA:2,0
DA:22,0
DA:23,0
DA:31,0
DA:47,0
DA:55,0
LF:6
LH:0
BRF:0
BRH:0
end_of_record
TN:
SF:src/utils/styletron.js
FN:27,(anonymous_0)
FN:31,(anonymous_1)
FN:32,withThemeHOC
FN:35,(anonymous_3)
FNF:4
FNH:4
FNDA:1,(anonymous_0)
FNDA:2,(anonymous_1)
FNDA:2,withThemeHOC
FNDA:2,(anonymous_3)
DA:6,1
DA:7,1
DA:9,1
DA:25,1
DA:27,1
DA:28,1
DA:31,1
DA:32,2
DA:33,2
DA:35,2
DA:41,1
LF:11
LH:11
BRF:0
BRH:0
end_of_record
