TN:
SF:/Users/ardokusuma/Documents/workspace/jkusuma-com/src/shared/components/icon/icon-base.js
FN:5,noop
FN:7,(anonymous_1)
FNF:2
FNH:1
FNDA:0,noop
FNDA:2,(anonymous_1)
DA:7,1
DA:8,2
DA:9,2
DA:18,1
LF:4
LH:4
BRDA:8,0,0,1
BRF:1
BRH:1
end_of_record
TN:
SF:/Users/ardokusuma/Documents/workspace/jkusuma-com/src/shared/components/name/name-letter.js
FN:8,(anonymous_0)
FN:16,(anonymous_1)
FN:17,(anonymous_2)
FN:22,(anonymous_3)
FN:50,(anonymous_4)
FNF:5
FNH:5
FNDA:2,(anonymous_0)
FNDA:2,(anonymous_1)
FNDA:2,(anonymous_2)
FNDA:5,(anonymous_3)
FNDA:4,(anonymous_4)
DA:9,2
DA:10,2
DA:17,2
DA:18,2
DA:36,5
DA:37,5
DA:43,5
DA:51,4
DA:52,1
DA:53,1
DA:56,1
DA:57,1
DA:62,5
DA:70,1
DA:78,1
LF:15
LH:15
BRDA:44,0,0,1
BRDA:44,0,1,4
BRDA:49,1,0,5
BRDA:49,1,1,5
BRDA:51,2,0,1
BRDA:51,2,1,3
BRDA:51,3,0,4
BRDA:51,3,1,2
BRDA:51,3,2,1
BRDA:56,4,0,1
BRDA:56,4,1,0
BRF:11
BRH:10
end_of_record
TN:
SF:/Users/ardokusuma/Documents/workspace/jkusuma-com/src/shared/helpers/browser.js
FNF:0
FNH:0
DA:4,3
LF:1
LH:1
BRF:0
BRH:0
end_of_record
TN:
SF:/Users/ardokusuma/Documents/workspace/jkusuma-com/src/shared/helpers/ga.js
FNF:0
FNH:0
DA:7,5
DA:8,5
DA:10,0
DA:17,1
DA:24,2
DA:31,1
DA:38,1
LF:7
LH:6
BRDA:6,0,0,0
BRDA:7,1,0,5
BRDA:7,1,1,0
BRDA:7,2,0,5
BRDA:7,2,1,0
BRF:5
BRH:2
end_of_record
TN:
SF:/Users/ardokusuma/Documents/workspace/jkusuma-com/src/shared/helpers/styles.js
FN:4,configuredRadium
FNF:1
FNH:1
FNDA:2,configuredRadium
DA:5,2
DA:6,2
DA:7,2
DA:11,2
DA:27,2
LF:5
LH:5
BRDA:6,0,0,2
BRDA:6,0,1,0
BRF:2
BRH:1
end_of_record
TN:
SF:/Users/ardokusuma/Documents/workspace/jkusuma-com/src/shared/helpers/window.js
FNF:0
FNH:0
DA:5,1
LF:1
LH:1
BRF:0
BRH:0
end_of_record
TN:
SF:/Users/ardokusuma/Documents/workspace/jkusuma-com/src/test/node/setup.js
FNF:0
FNH:0
LF:0
LH:0
BRF:0
BRH:0
end_of_record
